2021-02-16 00:03:18,452 [PegaWorkManager : 21] [  STANDARD] [                    ] [     PegaRULES:07.10] (          internal.async.Agent) INFO    - System date: Tue Feb 16 00:03:18 PST 2021 Total memory: 8,589,934,592 Free memory: 5,141,657,600 Requestor Count: 12 Shared Pages memory usage: 0%
2021-02-16 00:13:18,459 [PegaWorkManager : 10] [  STANDARD] [                    ] [        SBT:01.08.01] (          internal.async.Agent) INFO    - System date: Tue Feb 16 00:13:18 PST 2021 Total memory: 8,589,934,592 Free memory: 6,305,974,840 Requestor Count: 12 Shared Pages memory usage: 0%
2021-02-16 00:23:18,463 [.PegaWorkManager : 0] [  STANDARD] [                    ] [        SBT:01.08.01] (          internal.async.Agent) INFO    - System date: Tue Feb 16 00:23:18 PST 2021 Total memory: 8,589,934,592 Free memory: 5,645,676,168 Requestor Count: 12 Shared Pages memory usage: 0%
2021-02-16 00:33:18,473 [PegaWorkManager : 11] [  STANDARD] [                    ] [     PegaRULES:07.10] (          internal.async.Agent) INFO    - System date: Tue Feb 16 00:33:18 PST 2021 Total memory: 8,589,934,592 Free memory: 5,070,835,608 Requestor Count: 12 Shared Pages memory usage: 0%
2021-02-16 00:43:18,480 [.PegaWorkManager : 2] [  STANDARD] [                    ] [        SBT:01.08.01] (          internal.async.Agent) INFO    - System date: Tue Feb 16 00:43:18 PST 2021 Total memory: 8,589,934,592 Free memory: 6,336,962,096 Requestor Count: 12 Shared Pages memory usage: 0%
2021-02-16 00:53:18,494 [PegaWorkManager : 23] [  STANDARD] [                    ] [                    ] (          internal.async.Agent) INFO    - System date: Tue Feb 16 00:53:18 PST 2021 Total memory: 8,589,934,592 Free memory: 5,663,814,824 Requestor Count: 12 Shared Pages memory usage: 0%
2021-02-16 01:03:18,498 [PegaWorkManager : 12] [  STANDARD] [                    ] [        SBT:01.08.01] (          internal.async.Agent) INFO    - System date: Tue Feb 16 01:03:18 PST 2021 Total memory: 8,589,934,592 Free memory: 4,782,804,120 Requestor Count: 12 Shared Pages memory usage: 0%
2021-02-16 01:13:18,500 [PegaWorkManager : 16] [  STANDARD] [                    ] [        SBT:01.08.01] (          internal.async.Agent) INFO    - System date: Tue Feb 16 01:13:18 PST 2021 Total memory: 8,589,934,592 Free memory: 5,711,340,000 Requestor Count: 12 Shared Pages memory usage: 0%
2021-02-16 01:23:18,513 [PegaWorkManager : 11] [  STANDARD] [                    ] [        SBT:01.08.01] (          internal.async.Agent) INFO    - System date: Tue Feb 16 01:23:18 PST 2021 Total memory: 8,589,934,592 Free memory: 4,841,903,856 Requestor Count: 13 Shared Pages memory usage: 0%
2021-02-16 01:33:18,535 [PegaWorkManager : 22] [  STANDARD] [                    ] [        SBT:01.08.01] (          internal.async.Agent) INFO    - System date: Tue Feb 16 01:33:18 PST 2021 Total memory: 8,589,934,592 Free memory: 6,111,941,544 Requestor Count: 12 Shared Pages memory usage: 0%
2021-02-16 01:43:18,547 [PegaWorkManager : 15] [  STANDARD] [                    ] [        SBT:01.08.01] (          internal.async.Agent) INFO    - System date: Tue Feb 16 01:43:18 PST 2021 Total memory: 8,589,934,592 Free memory: 5,421,516,168 Requestor Count: 12 Shared Pages memory usage: 0%
2021-02-16 01:53:18,557 [PegaWorkManager : 11] [  STANDARD] [                    ] [        SBT:01.08.01] (          internal.async.Agent) INFO    - System date: Tue Feb 16 01:53:18 PST 2021 Total memory: 8,589,934,592 Free memory: 4,781,010,464 Requestor Count: 12 Shared Pages memory usage: 0%
2021-02-16 02:03:18,561 [PegaWorkManager : 21] [  STANDARD] [                    ] [        SBT:01.08.01] (          internal.async.Agent) INFO    - System date: Tue Feb 16 02:03:18 PST 2021 Total memory: 8,589,934,592 Free memory: 6,132,708,200 Requestor Count: 13 Shared Pages memory usage: 0%
2021-02-16 02:13:18,576 [PegaWorkManager : 12] [  STANDARD] [                    ] [        SBT:01.08.01] (          internal.async.Agent) INFO    - System date: Tue Feb 16 02:13:18 PST 2021 Total memory: 8,589,934,592 Free memory: 4,908,815,176 Requestor Count: 13 Shared Pages memory usage: 0%
2021-02-16 02:23:18,583 [.PegaWorkManager : 9] [  STANDARD] [                    ] [     PegaRULES:07.10] (          internal.async.Agent) INFO    - System date: Tue Feb 16 02:23:18 PST 2021 Total memory: 8,589,934,592 Free memory: 5,979,303,272 Requestor Count: 13 Shared Pages memory usage: 0%
2021-02-16 02:28:51,418 [nectorThreadPool : 1] [  STANDARD] [                    ] [                    ] (          internal.async.Agent) INFO    - Trying to terminate agent queue in KPSNAPCA ruleset having queue number 1
2021-02-16 02:28:51,421 [nectorThreadPool : 1] [  STANDARD] [                    ] [                    ] (     internal.async.AgentQueue) ERROR   - Agent [KPSNAPCA] activity [KP-MSSA-SBT-Work-RenewalBatch.QueueForBatchProcessing] queue number [1] terminated manually ErrorMsg: Terminated manually
2021-02-16 02:33:18,596 [PegaWorkManager : 12] [  STANDARD] [                    ] [        SBT:01.08.01] (          internal.async.Agent) INFO    - System date: Tue Feb 16 02:33:18 PST 2021 Total memory: 8,589,934,592 Free memory: 5,083,653,904 Requestor Count: 12 Shared Pages memory usage: 0%
2021-02-16 02:43:19,918 [.PegaWorkManager : 9] [  STANDARD] [                    ] [   KPSNAPCA:01.03.01] (          internal.async.Agent) INFO    - System date: Tue Feb 16 02:43:19 PST 2021 Total memory: 8,589,934,592 Free memory: 6,474,193,704 Requestor Count: 12 Shared Pages memory usage: 0%
2021-02-16 02:53:19,925 [PegaWorkManager : 13] [  STANDARD] [                    ] [        SBT:01.08.01] (          internal.async.Agent) INFO    - System date: Tue Feb 16 02:53:19 PST 2021 Total memory: 8,589,934,592 Free memory: 6,042,599,208 Requestor Count: 13 Shared Pages memory usage: 0%
2021-02-16 03:03:19,949 [.PegaWorkManager : 8] [  STANDARD] [                    ] [        SBT:01.08.01] (          internal.async.Agent) INFO    - System date: Tue Feb 16 03:03:19 PST 2021 Total memory: 8,589,934,592 Free memory: 5,486,415,464 Requestor Count: 12 Shared Pages memory usage: 0%
2021-02-16 03:13:19,957 [PegaWorkManager : 12] [  STANDARD] [                    ] [        SBT:01.08.01] (          internal.async.Agent) INFO    - System date: Tue Feb 16 03:13:19 PST 2021 Total memory: 8,589,934,592 Free memory: 4,732,135,624 Requestor Count: 12 Shared Pages memory usage: 0%
2021-02-16 03:23:19,969 [PegaWorkManager : 21] [  STANDARD] [                    ] [        SBT:01.08.01] (          internal.async.Agent) INFO    - System date: Tue Feb 16 03:23:19 PST 2021 Total memory: 8,589,934,592 Free memory: 6,198,249,416 Requestor Count: 12 Shared Pages memory usage: 0%
2021-02-16 03:33:20,027 [.PegaWorkManager : 2] [  STANDARD] [                    ] [        SBT:01.08.01] (          internal.async.Agent) INFO    - System date: Tue Feb 16 03:33:20 PST 2021 Total memory: 8,589,934,592 Free memory: 6,545,747,648 Requestor Count: 12 Shared Pages memory usage: 0%
2021-02-16 03:43:20,029 [.PegaWorkManager : 5] [  STANDARD] [                    ] [        SBT:01.08.01] (          internal.async.Agent) INFO    - System date: Tue Feb 16 03:43:20 PST 2021 Total memory: 8,589,934,592 Free memory: 6,033,009,144 Requestor Count: 12 Shared Pages memory usage: 0%
2021-02-16 03:53:20,039 [.PegaWorkManager : 0] [  STANDARD] [                    ] [        SBT:01.08.01] (          internal.async.Agent) INFO    - System date: Tue Feb 16 03:53:20 PST 2021 Total memory: 8,589,934,592 Free memory: 5,579,209,192 Requestor Count: 12 Shared Pages memory usage: 0%
2021-02-16 04:03:20,097 [PegaWorkManager : 20] [  STANDARD] [                    ] [        SBT:01.08.01] (          internal.async.Agent) INFO    - System date: Tue Feb 16 04:03:20 PST 2021 Total memory: 8,589,934,592 Free memory: 5,036,639,136 Requestor Count: 12 Shared Pages memory usage: 0%
2021-02-16 04:13:20,118 [.PegaWorkManager : 2] [  STANDARD] [                    ] [        SBT:01.08.01] (          internal.async.Agent) INFO    - System date: Tue Feb 16 04:13:20 PST 2021 Total memory: 8,589,934,592 Free memory: 6,248,812,040 Requestor Count: 12 Shared Pages memory usage: 0%
2021-02-16 04:23:20,130 [PegaWorkManager : 12] [  STANDARD] [                    ] [   KPSNAPCA:01.03.01] (          internal.async.Agent) INFO    - System date: Tue Feb 16 04:23:20 PST 2021 Total memory: 8,589,934,592 Free memory: 5,669,999,120 Requestor Count: 12 Shared Pages memory usage: 0%
2021-02-16 04:33:20,134 [.PegaWorkManager : 0] [  STANDARD] [                    ] [   KPSNAPCA:01.03.01] (          internal.async.Agent) INFO    - System date: Tue Feb 16 04:33:20 PST 2021 Total memory: 8,589,934,592 Free memory: 5,089,980,288 Requestor Count: 12 Shared Pages memory usage: 0%
2021-02-16 04:43:20,141 [PegaWorkManager : 20] [  STANDARD] [                    ] [   KPSNAPCA:01.03.01] (          internal.async.Agent) INFO    - System date: Tue Feb 16 04:43:20 PST 2021 Total memory: 8,589,934,592 Free memory: 6,479,793,936 Requestor Count: 12 Shared Pages memory usage: 0%
2021-02-16 04:53:20,147 [PegaWorkManager : 10] [  STANDARD] [                    ] [        SBT:01.08.01] (          internal.async.Agent) INFO    - System date: Tue Feb 16 04:53:20 PST 2021 Total memory: 8,589,934,592 Free memory: 5,951,361,200 Requestor Count: 12 Shared Pages memory usage: 0%
2021-02-16 05:03:20,152 [PegaWorkManager : 13] [          ] [                    ] [                    ] (          internal.async.Agent) INFO    - System date: Tue Feb 16 05:03:20 PST 2021 Total memory: 8,589,934,592 Free memory: 5,417,408,808 Requestor Count: 12 Shared Pages memory usage: 0%
2021-02-16 05:13:20,160 [PegaWorkManager : 18] [  STANDARD] [                    ] [        SBT:01.08.01] (          internal.async.Agent) INFO    - System date: Tue Feb 16 05:13:20 PST 2021 Total memory: 8,589,934,592 Free memory: 4,708,113,664 Requestor Count: 12 Shared Pages memory usage: 0%
2021-02-16 05:23:20,172 [PegaWorkManager : 16] [  STANDARD] [                    ] [   KPSNAPCA:01.03.01] (          internal.async.Agent) INFO    - System date: Tue Feb 16 05:23:20 PST 2021 Total memory: 8,589,934,592 Free memory: 6,027,698,720 Requestor Count: 12 Shared Pages memory usage: 0%
2021-02-16 05:33:20,176 [PegaWorkManager : 14] [  STANDARD] [                    ] [        SBT:01.08.01] (          internal.async.Agent) INFO    - System date: Tue Feb 16 05:33:20 PST 2021 Total memory: 8,589,934,592 Free memory: 5,428,392,928 Requestor Count: 12 Shared Pages memory usage: 0%
2021-02-16 05:43:20,181 [.PegaWorkManager : 3] [  STANDARD] [                    ] [        SBT:01.08.01] (          internal.async.Agent) INFO    - System date: Tue Feb 16 05:43:20 PST 2021 Total memory: 8,589,934,592 Free memory: 4,850,231,896 Requestor Count: 12 Shared Pages memory usage: 0%
2021-02-16 05:53:20,189 [PegaWorkManager : 16] [  STANDARD] [                    ] [        SBT:01.08.01] (          internal.async.Agent) INFO    - System date: Tue Feb 16 05:53:20 PST 2021 Total memory: 8,589,934,592 Free memory: 6,321,299,096 Requestor Count: 12 Shared Pages memory usage: 0%
2021-02-16 06:03:20,234 [.PegaWorkManager : 5] [  STANDARD] [                    ] [   KPSNAPCA:01.03.01] (          internal.async.Agent) INFO    - System date: Tue Feb 16 06:03:20 PST 2021 Total memory: 8,589,934,592 Free memory: 5,744,819,488 Requestor Count: 13 Shared Pages memory usage: 0%
2021-02-16 06:05:02,271 [nectorThreadPool : 2] [  STANDARD] [                    ] [                    ] (          internal.async.Agent) INFO    - Trying to restart agent queue in KPSNAPCA ruleset having queue number 7
2021-02-16 06:13:20,245 [.PegaWorkManager : 7] [  STANDARD] [                    ] [     PegaRULES:07.10] (          internal.async.Agent) INFO    - System date: Tue Feb 16 06:13:20 PST 2021 Total memory: 8,589,934,592 Free memory: 6,462,071,512 Requestor Count: 12 Shared Pages memory usage: 0%
2021-02-16 06:23:21,576 [PegaWorkManager : 12] [  STANDARD] [                    ] [        SBT:01.08.01] (          internal.async.Agent) INFO    - System date: Tue Feb 16 06:23:21 PST 2021 Total memory: 8,589,934,592 Free memory: 5,943,710,752 Requestor Count: 12 Shared Pages memory usage: 0%
2021-02-16 06:33:21,585 [PegaWorkManager : 18] [  STANDARD] [                    ] [        SBT:01.08.01] (          internal.async.Agent) INFO    - System date: Tue Feb 16 06:33:21 PST 2021 Total memory: 8,589,934,592 Free memory: 5,450,166,384 Requestor Count: 12 Shared Pages memory usage: 0%
2021-02-16 06:43:21,595 [.PegaWorkManager : 2] [  STANDARD] [                    ] [        SBT:01.08.01] (          internal.async.Agent) INFO    - System date: Tue Feb 16 06:43:21 PST 2021 Total memory: 8,589,934,592 Free memory: 4,937,992,888 Requestor Count: 12 Shared Pages memory usage: 0%
2021-02-16 06:53:21,596 [PegaWorkManager : 20] [  STANDARD] [                    ] [     PegaRULES:07.10] (          internal.async.Agent) INFO    - System date: Tue Feb 16 06:53:21 PST 2021 Total memory: 8,589,934,592 Free memory: 6,396,015,920 Requestor Count: 12 Shared Pages memory usage: 0%
